mode: set
github.com/xraph/go-utils/metrics/health.go:142.40,144.2 1 0
github.com/xraph/go-utils/metrics/health.go:147.41,149.2 1 0
github.com/xraph/go-utils/metrics/health.go:152.42,154.2 1 0
github.com/xraph/go-utils/metrics/health.go:157.43,159.2 1 1
github.com/xraph/go-utils/metrics/health.go:162.41,164.2 1 0
github.com/xraph/go-utils/metrics/health.go:167.39,168.12 1 0
github.com/xraph/go-utils/metrics/health.go:169.27,170.11 1 0
github.com/xraph/go-utils/metrics/health.go:171.28,172.11 1 0
github.com/xraph/go-utils/metrics/health.go:173.29,174.11 1 0
github.com/xraph/go-utils/metrics/health.go:175.27,176.11 1 0
github.com/xraph/go-utils/metrics/health.go:177.10,178.11 1 0
github.com/xraph/go-utils/metrics/health.go:196.86,205.2 1 1
github.com/xraph/go-utils/metrics/health.go:211.61,212.32 1 0
github.com/xraph/go-utils/metrics/health.go:212.32,214.3 1 0
github.com/xraph/go-utils/metrics/health.go:218.59,219.32 1 0
github.com/xraph/go-utils/metrics/health.go:219.32,221.3 1 0
github.com/xraph/go-utils/metrics/health.go:225.46,226.32 1 0
github.com/xraph/go-utils/metrics/health.go:226.32,227.17 1 0
github.com/xraph/go-utils/metrics/health.go:227.17,229.40 2 0
github.com/xraph/go-utils/metrics/health.go:229.40,231.5 1 0
github.com/xraph/go-utils/metrics/health.go:237.62,238.32 1 0
github.com/xraph/go-utils/metrics/health.go:238.32,240.3 1 0
github.com/xraph/go-utils/metrics/health.go:244.53,245.32 1 1
github.com/xraph/go-utils/metrics/health.go:245.32,247.3 1 1
github.com/xraph/go-utils/metrics/health.go:251.58,252.32 1 0
github.com/xraph/go-utils/metrics/health.go:252.32,254.3 1 0
github.com/xraph/go-utils/metrics/health.go:258.52,259.32 1 0
github.com/xraph/go-utils/metrics/health.go:259.32,261.3 1 0
github.com/xraph/go-utils/metrics/health.go:264.60,265.32 1 0
github.com/xraph/go-utils/metrics/health.go:265.32,267.3 1 0
github.com/xraph/go-utils/metrics/health.go:270.44,271.32 1 0
github.com/xraph/go-utils/metrics/health.go:271.32,273.3 1 0
github.com/xraph/go-utils/metrics/health.go:276.57,277.32 1 0
github.com/xraph/go-utils/metrics/health.go:277.32,279.3 1 0
github.com/xraph/go-utils/metrics/health.go:283.75,287.2 2 0
github.com/xraph/go-utils/metrics/health.go:290.73,294.2 2 0
github.com/xraph/go-utils/metrics/health.go:297.60,298.16 1 0
github.com/xraph/go-utils/metrics/health.go:298.16,300.39 2 0
github.com/xraph/go-utils/metrics/health.go:300.39,302.4 1 0
github.com/xraph/go-utils/metrics/health.go:305.2,305.11 1 0
github.com/xraph/go-utils/metrics/health.go:309.76,313.2 2 0
github.com/xraph/go-utils/metrics/health.go:316.67,320.2 2 0
github.com/xraph/go-utils/metrics/health.go:322.71,326.2 2 0
github.com/xraph/go-utils/metrics/health.go:328.67,332.2 2 0
github.com/xraph/go-utils/metrics/health.go:335.72,339.2 2 0
github.com/xraph/go-utils/metrics/health.go:342.66,346.2 2 0
github.com/xraph/go-utils/metrics/health.go:348.74,352.2 2 0
github.com/xraph/go-utils/metrics/health.go:354.58,358.2 2 0
github.com/xraph/go-utils/metrics/health.go:361.72,362.27 1 1
github.com/xraph/go-utils/metrics/health.go:362.27,364.3 1 1
github.com/xraph/go-utils/metrics/health.go:366.2,366.11 1 1
github.com/xraph/go-utils/metrics/health.go:369.41,371.2 1 0
github.com/xraph/go-utils/metrics/health.go:374.42,376.2 1 0
github.com/xraph/go-utils/metrics/health.go:379.43,381.2 1 0
github.com/xraph/go-utils/metrics/health.go:384.44,386.2 1 1
github.com/xraph/go-utils/metrics/health.go:389.43,391.2 1 1
github.com/xraph/go-utils/metrics/health.go:407.38,414.2 1 1
github.com/xraph/go-utils/metrics/health.go:417.57,419.2 1 1
github.com/xraph/go-utils/metrics/health.go:422.61,423.33 1 0
github.com/xraph/go-utils/metrics/health.go:423.33,425.3 1 0
github.com/xraph/go-utils/metrics/health.go:429.67,433.2 2 0
github.com/xraph/go-utils/metrics/health.go:436.75,440.2 2 0
github.com/xraph/go-utils/metrics/health.go:443.69,447.2 2 0
github.com/xraph/go-utils/metrics/health.go:450.72,454.2 2 0
github.com/xraph/go-utils/metrics/health.go:457.76,461.2 2 0
github.com/xraph/go-utils/metrics/health.go:464.77,468.2 2 0
github.com/xraph/go-utils/metrics/health.go:471.42,473.2 1 0
github.com/xraph/go-utils/metrics/health.go:476.43,478.2 1 0
github.com/xraph/go-utils/metrics/health.go:481.44,483.2 1 1
github.com/xraph/go-utils/metrics/health.go:486.50,488.2 1 0
github.com/xraph/go-utils/metrics/health.go:491.51,497.2 3 0
github.com/xraph/go-utils/metrics/health.go:506.74,508.2 1 1
github.com/xraph/go-utils/metrics/health.go:511.51,514.43 2 0
github.com/xraph/go-utils/metrics/health.go:514.43,515.25 1 0
github.com/xraph/go-utils/metrics/health.go:515.25,517.4 1 0
github.com/xraph/go-utils/metrics/health.go:520.2,520.14 1 0
github.com/xraph/go-utils/metrics/health.go:524.52,527.43 2 0
github.com/xraph/go-utils/metrics/health.go:527.43,528.26 1 0
github.com/xraph/go-utils/metrics/health.go:528.26,530.4 1 0
github.com/xraph/go-utils/metrics/health.go:533.2,533.14 1 0
github.com/xraph/go-utils/metrics/health.go:537.53,540.43 2 0
github.com/xraph/go-utils/metrics/health.go:540.43,541.27 1 0
github.com/xraph/go-utils/metrics/health.go:541.27,543.4 1 0
github.com/xraph/go-utils/metrics/health.go:546.2,546.14 1 0
github.com/xraph/go-utils/metrics/health.go:550.52,553.43 2 0
github.com/xraph/go-utils/metrics/health.go:553.43,554.26 1 0
github.com/xraph/go-utils/metrics/health.go:554.26,556.4 1 0
github.com/xraph/go-utils/metrics/health.go:559.2,559.14 1 0
github.com/xraph/go-utils/metrics/health.go:563.58,566.43 2 1
github.com/xraph/go-utils/metrics/health.go:566.43,567.50 1 1
github.com/xraph/go-utils/metrics/health.go:567.50,569.4 1 1
github.com/xraph/go-utils/metrics/health.go:572.2,572.14 1 1
github.com/xraph/go-utils/metrics/health.go:576.86,579.43 2 0
github.com/xraph/go-utils/metrics/health.go:579.43,580.30 1 0
github.com/xraph/go-utils/metrics/health.go:580.30,582.4 1 0
github.com/xraph/go-utils/metrics/health.go:585.2,585.16 1 0
github.com/xraph/go-utils/metrics/health.go:589.67,592.43 2 0
github.com/xraph/go-utils/metrics/health.go:592.43,593.26 1 0
github.com/xraph/go-utils/metrics/health.go:593.26,595.4 1 0
github.com/xraph/go-utils/metrics/health.go:598.2,598.16 1 0
github.com/xraph/go-utils/metrics/health.go:602.57,618.2 1 0
github.com/xraph/go-utils/metrics/metrics.go:157.48,158.35 1 1
github.com/xraph/go-utils/metrics/metrics.go:158.35,159.25 1 1
github.com/xraph/go-utils/metrics/metrics.go:159.25,161.4 1 1
github.com/xraph/go-utils/metrics/metrics.go:163.3,163.27 1 1
github.com/xraph/go-utils/metrics/metrics.go:168.56,169.35 1 1
github.com/xraph/go-utils/metrics/metrics.go:169.35,171.3 1 1
github.com/xraph/go-utils/metrics/metrics.go:180.48,181.35 1 1
github.com/xraph/go-utils/metrics/metrics.go:181.35,183.3 1 1
github.com/xraph/go-utils/metrics/metrics.go:189.41,190.35 1 1
github.com/xraph/go-utils/metrics/metrics.go:190.35,192.3 1 1
github.com/xraph/go-utils/metrics/metrics.go:201.44,202.35 1 1
github.com/xraph/go-utils/metrics/metrics.go:202.35,204.3 1 1
github.com/xraph/go-utils/metrics/metrics.go:209.51,210.35 1 0
github.com/xraph/go-utils/metrics/metrics.go:210.35,212.3 1 0
github.com/xraph/go-utils/metrics/metrics.go:218.61,219.35 1 1
github.com/xraph/go-utils/metrics/metrics.go:219.35,221.3 1 1
github.com/xraph/go-utils/metrics/metrics.go:231.51,232.35 1 1
github.com/xraph/go-utils/metrics/metrics.go:232.35,234.3 1 1
github.com/xraph/go-utils/metrics/metrics.go:241.70,242.35 1 0
github.com/xraph/go-utils/metrics/metrics.go:242.35,243.17 1 0
github.com/xraph/go-utils/metrics/metrics.go:243.17,245.4 1 0
github.com/xraph/go-utils/metrics/metrics.go:247.3,248.24 2 0
github.com/xraph/go-utils/metrics/metrics.go:248.24,250.4 1 0
github.com/xraph/go-utils/metrics/metrics.go:252.3,252.25 1 0
github.com/xraph/go-utils/metrics/metrics.go:260.76,261.35 1 0
github.com/xraph/go-utils/metrics/metrics.go:261.35,262.46 1 0
github.com/xraph/go-utils/metrics/metrics.go:262.46,264.4 1 0
github.com/xraph/go-utils/metrics/metrics.go:266.3,269.24 3 0
github.com/xraph/go-utils/metrics/metrics.go:269.24,272.4 2 0
github.com/xraph/go-utils/metrics/metrics.go:274.3,274.25 1 0
github.com/xraph/go-utils/metrics/metrics.go:281.59,282.35 1 0
github.com/xraph/go-utils/metrics/metrics.go:282.35,284.3 1 0
github.com/xraph/go-utils/metrics/metrics.go:290.54,291.35 1 0
github.com/xraph/go-utils/metrics/metrics.go:291.35,293.3 1 0
github.com/xraph/go-utils/metrics/metrics.go:299.48,300.35 1 0
github.com/xraph/go-utils/metrics/metrics.go:300.35,302.3 1 0
github.com/xraph/go-utils/metrics/metrics.go:308.47,309.35 1 0
github.com/xraph/go-utils/metrics/metrics.go:309.35,311.3 1 0
github.com/xraph/go-utils/metrics/metrics.go:321.49,322.35 1 0
github.com/xraph/go-utils/metrics/metrics.go:322.35,324.3 1 0
github.com/xraph/go-utils/metrics/metrics.go:330.45,331.35 1 1
github.com/xraph/go-utils/metrics/metrics.go:331.35,333.3 1 1
github.com/xraph/go-utils/metrics/metrics.go:338.44,339.35 1 0
github.com/xraph/go-utils/metrics/metrics.go:339.35,341.3 1 0
github.com/xraph/go-utils/metrics/metrics.go:348.77,349.35 1 0
github.com/xraph/go-utils/metrics/metrics.go:349.35,352.3 2 0
github.com/xraph/go-utils/metrics/metrics_impl.go:35.90,37.27 2 1
github.com/xraph/go-utils/metrics/metrics_impl.go:37.27,39.3 1 1
github.com/xraph/go-utils/metrics/metrics_impl.go:41.2,54.11 3 1
github.com/xraph/go-utils/metrics/metrics_impl.go:58.49,71.2 3 1
github.com/xraph/go-utils/metrics/metrics_impl.go:74.41,76.24 2 1
github.com/xraph/go-utils/metrics/metrics_impl.go:76.24,78.3 1 1
github.com/xraph/go-utils/metrics/metrics_impl.go:80.2,80.24 1 1
github.com/xraph/go-utils/metrics/metrics_impl.go:80.24,82.3 1 0
github.com/xraph/go-utils/metrics/metrics_impl.go:84.2,90.29 4 1
github.com/xraph/go-utils/metrics/metrics_impl.go:90.29,91.12 1 1
github.com/xraph/go-utils/metrics/metrics_impl.go:91.12,93.4 1 1
github.com/xraph/go-utils/metrics/metrics_impl.go:95.3,95.29 1 1
github.com/xraph/go-utils/metrics/metrics_impl.go:98.2,100.13 2 1
github.com/xraph/go-utils/metrics/metrics_impl.go:104.41,106.2 1 1
github.com/xraph/go-utils/metrics/metrics_impl.go:109.48,111.2 1 1
github.com/xraph/go-utils/metrics/metrics_impl.go:126.40,128.2 1 1
github.com/xraph/go-utils/metrics/metrics_impl.go:131.49,134.2 2 1
github.com/xraph/go-utils/metrics/metrics_impl.go:137.46,140.36 2 1
github.com/xraph/go-utils/metrics/metrics_impl.go:140.36,141.48 1 1
github.com/xraph/go-utils/metrics/metrics_impl.go:141.48,142.50 1 1
github.com/xraph/go-utils/metrics/metrics_impl.go:142.50,144.5 1 1
github.com/xraph/go-utils/metrics/metrics_impl.go:148.2,148.15 1 1
github.com/xraph/go-utils/metrics/metrics_impl.go:164.65,169.2 1 1
github.com/xraph/go-utils/metrics/metrics_impl.go:171.29,173.2 1 1
github.com/xraph/go-utils/metrics/metrics_impl.go:175.42,176.15 1 1
github.com/xraph/go-utils/metrics/metrics_impl.go:176.15,178.3 1 1
github.com/xraph/go-utils/metrics/metrics_impl.go:180.2,180.6 1 1
github.com/xraph/go-utils/metrics/metrics_impl.go:180.6,186.47 5 1
github.com/xraph/go-utils/metrics/metrics_impl.go:186.47,189.9 2 1
github.com/xraph/go-utils/metrics/metrics_impl.go:194.73,197.2 2 1
github.com/xraph/go-utils/metrics/metrics_impl.go:199.39,201.2 1 1
github.com/xraph/go-utils/metrics/metrics_impl.go:203.45,205.2 1 1
github.com/xraph/go-utils/metrics/metrics_impl.go:207.46,209.2 1 1
github.com/xraph/go-utils/metrics/metrics_impl.go:211.49,213.2 1 1
github.com/xraph/go-utils/metrics/metrics_impl.go:215.68,224.2 6 1
github.com/xraph/go-utils/metrics/metrics_impl.go:226.37,231.2 3 1
github.com/xraph/go-utils/metrics/metrics_impl.go:245.61,249.2 1 1
github.com/xraph/go-utils/metrics/metrics_impl.go:251.40,254.2 2 1
github.com/xraph/go-utils/metrics/metrics_impl.go:256.27,258.2 1 1
github.com/xraph/go-utils/metrics/metrics_impl.go:260.27,262.2 1 1
github.com/xraph/go-utils/metrics/metrics_impl.go:264.40,265.6 1 1
github.com/xraph/go-utils/metrics/metrics_impl.go:265.6,271.47 5 1
github.com/xraph/go-utils/metrics/metrics_impl.go:271.47,274.9 2 1
github.com/xraph/go-utils/metrics/metrics_impl.go:279.40,281.2 1 1
github.com/xraph/go-utils/metrics/metrics_impl.go:283.40,286.2 2 1
github.com/xraph/go-utils/metrics/metrics_impl.go:288.37,290.2 1 1
github.com/xraph/go-utils/metrics/metrics_impl.go:292.43,294.2 1 0
github.com/xraph/go-utils/metrics/metrics_impl.go:296.47,298.2 1 0
github.com/xraph/go-utils/metrics/metrics_impl.go:300.64,308.2 6 0
github.com/xraph/go-utils/metrics/metrics_impl.go:310.35,315.2 3 1
github.com/xraph/go-utils/metrics/metrics_impl.go:336.69,338.27 2 1
github.com/xraph/go-utils/metrics/metrics_impl.go:338.27,340.3 1 1
github.com/xraph/go-utils/metrics/metrics_impl.go:342.2,343.23 2 1
github.com/xraph/go-utils/metrics/metrics_impl.go:343.23,345.3 1 1
github.com/xraph/go-utils/metrics/metrics_impl.go:348.2,365.10 8 1
github.com/xraph/go-utils/metrics/metrics_impl.go:368.48,370.2 1 1
github.com/xraph/go-utils/metrics/metrics_impl.go:372.79,377.6 2 1
github.com/xraph/go-utils/metrics/metrics_impl.go:377.6,383.45 5 1
github.com/xraph/go-utils/metrics/metrics_impl.go:383.45,384.9 1 1
github.com/xraph/go-utils/metrics/metrics_impl.go:389.2,391.6 2 1
github.com/xraph/go-utils/metrics/metrics_impl.go:391.6,395.22 3 1
github.com/xraph/go-utils/metrics/metrics_impl.go:395.22,396.9 1 1
github.com/xraph/go-utils/metrics/metrics_impl.go:399.3,399.50 1 1
github.com/xraph/go-utils/metrics/metrics_impl.go:399.50,400.9 1 1
github.com/xraph/go-utils/metrics/metrics_impl.go:405.2,405.6 1 1
github.com/xraph/go-utils/metrics/metrics_impl.go:405.6,409.22 3 1
github.com/xraph/go-utils/metrics/metrics_impl.go:409.22,410.9 1 1
github.com/xraph/go-utils/metrics/metrics_impl.go:413.3,413.50 1 1
github.com/xraph/go-utils/metrics/metrics_impl.go:413.50,414.9 1 1
github.com/xraph/go-utils/metrics/metrics_impl.go:419.2,423.53 3 1
github.com/xraph/go-utils/metrics/metrics_impl.go:423.53,427.3 3 1
github.com/xraph/go-utils/metrics/metrics_impl.go:429.2,429.21 1 1
github.com/xraph/go-utils/metrics/metrics_impl.go:432.40,434.2 1 1
github.com/xraph/go-utils/metrics/metrics_impl.go:436.39,438.2 1 1
github.com/xraph/go-utils/metrics/metrics_impl.go:440.40,442.16 2 1
github.com/xraph/go-utils/metrics/metrics_impl.go:442.16,444.3 1 1
github.com/xraph/go-utils/metrics/metrics_impl.go:446.2,446.33 1 1
github.com/xraph/go-utils/metrics/metrics_impl.go:449.42,453.15 2 0
github.com/xraph/go-utils/metrics/metrics_impl.go:453.15,455.3 1 0
github.com/xraph/go-utils/metrics/metrics_impl.go:457.2,464.37 5 0
github.com/xraph/go-utils/metrics/metrics_impl.go:464.37,466.23 2 0
github.com/xraph/go-utils/metrics/metrics_impl.go:466.23,467.12 1 0
github.com/xraph/go-utils/metrics/metrics_impl.go:471.3,472.13 2 0
github.com/xraph/go-utils/metrics/metrics_impl.go:472.13,474.4 1 0
github.com/xraph/go-utils/metrics/metrics_impl.go:474.9,476.4 1 0
github.com/xraph/go-utils/metrics/metrics_impl.go:478.3,479.40 2 0
github.com/xraph/go-utils/metrics/metrics_impl.go:482.2,484.28 2 0
github.com/xraph/go-utils/metrics/metrics_impl.go:487.39,491.31 3 1
github.com/xraph/go-utils/metrics/metrics_impl.go:491.31,493.3 1 1
github.com/xraph/go-utils/metrics/metrics_impl.go:495.2,495.15 1 1
github.com/xraph/go-utils/metrics/metrics_impl.go:498.39,500.2 1 1
github.com/xraph/go-utils/metrics/metrics_impl.go:502.53,503.20 1 1
github.com/xraph/go-utils/metrics/metrics_impl.go:503.20,505.3 1 0
github.com/xraph/go-utils/metrics/metrics_impl.go:507.2,508.16 2 1
github.com/xraph/go-utils/metrics/metrics_impl.go:508.16,510.3 1 1
github.com/xraph/go-utils/metrics/metrics_impl.go:513.2,519.27 5 1
github.com/xraph/go-utils/metrics/metrics_impl.go:519.27,521.31 2 1
github.com/xraph/go-utils/metrics/metrics_impl.go:521.31,523.4 1 1
github.com/xraph/go-utils/metrics/metrics_impl.go:527.2,527.24 1 0
github.com/xraph/go-utils/metrics/metrics_impl.go:527.24,529.3 1 0
github.com/xraph/go-utils/metrics/metrics_impl.go:531.2,531.10 1 0
github.com/xraph/go-utils/metrics/metrics_impl.go:534.48,536.2 1 1
github.com/xraph/go-utils/metrics/metrics_impl.go:538.51,540.2 1 0
github.com/xraph/go-utils/metrics/metrics_impl.go:542.72,550.2 6 0
github.com/xraph/go-utils/metrics/metrics_impl.go:552.39,558.26 5 1
github.com/xraph/go-utils/metrics/metrics_impl.go:558.26,560.3 1 1
github.com/xraph/go-utils/metrics/metrics_impl.go:562.2,564.12 2 1
github.com/xraph/go-utils/metrics/metrics_impl.go:587.65,589.27 2 1
github.com/xraph/go-utils/metrics/metrics_impl.go:589.27,591.3 1 0
github.com/xraph/go-utils/metrics/metrics_impl.go:593.2,595.34 2 1
github.com/xraph/go-utils/metrics/metrics_impl.go:595.34,596.41 1 0
github.com/xraph/go-utils/metrics/metrics_impl.go:596.41,598.4 1 0
github.com/xraph/go-utils/metrics/metrics_impl.go:599.8,601.40 1 1
github.com/xraph/go-utils/metrics/metrics_impl.go:601.40,603.4 1 1
github.com/xraph/go-utils/metrics/metrics_impl.go:606.2,616.10 2 1
github.com/xraph/go-utils/metrics/metrics_impl.go:619.46,626.6 4 1
github.com/xraph/go-utils/metrics/metrics_impl.go:626.6,632.45 5 1
github.com/xraph/go-utils/metrics/metrics_impl.go:632.45,633.9 1 1
github.com/xraph/go-utils/metrics/metrics_impl.go:638.2,644.51 3 1
github.com/xraph/go-utils/metrics/metrics_impl.go:644.51,646.3 1 0
github.com/xraph/go-utils/metrics/metrics_impl.go:648.2,648.21 1 1
github.com/xraph/go-utils/metrics/metrics_impl.go:651.38,653.2 1 1
github.com/xraph/go-utils/metrics/metrics_impl.go:655.37,657.2 1 1
github.com/xraph/go-utils/metrics/metrics_impl.go:659.38,661.16 2 1
github.com/xraph/go-utils/metrics/metrics_impl.go:661.16,663.3 1 0
github.com/xraph/go-utils/metrics/metrics_impl.go:665.2,665.33 1 1
github.com/xraph/go-utils/metrics/metrics_impl.go:668.51,672.24 3 1
github.com/xraph/go-utils/metrics/metrics_impl.go:672.24,674.3 1 0
github.com/xraph/go-utils/metrics/metrics_impl.go:676.2,676.26 1 1
github.com/xraph/go-utils/metrics/metrics_impl.go:679.37,683.24 3 1
github.com/xraph/go-utils/metrics/metrics_impl.go:683.24,685.3 1 0
github.com/xraph/go-utils/metrics/metrics_impl.go:687.2,688.29 2 1
github.com/xraph/go-utils/metrics/metrics_impl.go:688.29,689.14 1 1
github.com/xraph/go-utils/metrics/metrics_impl.go:689.14,691.4 1 1
github.com/xraph/go-utils/metrics/metrics_impl.go:694.2,694.12 1 1
github.com/xraph/go-utils/metrics/metrics_impl.go:697.37,701.24 3 1
github.com/xraph/go-utils/metrics/metrics_impl.go:701.24,703.3 1 0
github.com/xraph/go-utils/metrics/metrics_impl.go:705.2,706.29 2 1
github.com/xraph/go-utils/metrics/metrics_impl.go:706.29,707.14 1 1
github.com/xraph/go-utils/metrics/metrics_impl.go:707.14,709.4 1 1
github.com/xraph/go-utils/metrics/metrics_impl.go:712.2,712.12 1 1
github.com/xraph/go-utils/metrics/metrics_impl.go:715.40,719.23 3 1
github.com/xraph/go-utils/metrics/metrics_impl.go:719.23,721.3 1 0
github.com/xraph/go-utils/metrics/metrics_impl.go:723.2,726.29 3 1
github.com/xraph/go-utils/metrics/metrics_impl.go:726.29,729.3 2 1
github.com/xraph/go-utils/metrics/metrics_impl.go:731.2,733.28 2 1
github.com/xraph/go-utils/metrics/metrics_impl.go:736.49,738.2 1 0
github.com/xraph/go-utils/metrics/metrics_impl.go:740.68,748.2 6 0
github.com/xraph/go-utils/metrics/metrics_impl.go:750.37,761.2 8 0
github.com/xraph/go-utils/metrics/metrics_impl.go:776.61,778.27 2 1
github.com/xraph/go-utils/metrics/metrics_impl.go:778.27,780.3 1 1
github.com/xraph/go-utils/metrics/metrics_impl.go:783.2,783.31 1 1
github.com/xraph/go-utils/metrics/metrics_impl.go:783.31,785.3 1 1
github.com/xraph/go-utils/metrics/metrics_impl.go:787.2,793.10 2 1
github.com/xraph/go-utils/metrics/metrics_impl.go:796.52,801.2 3 1
github.com/xraph/go-utils/metrics/metrics_impl.go:803.83,808.2 4 1
github.com/xraph/go-utils/metrics/metrics_impl.go:810.35,813.16 2 1
github.com/xraph/go-utils/metrics/metrics_impl.go:813.16,815.3 1 1
github.com/xraph/go-utils/metrics/metrics_impl.go:818.36,820.2 1 1
github.com/xraph/go-utils/metrics/metrics_impl.go:822.41,826.2 2 1
github.com/xraph/go-utils/metrics/metrics_impl.go:828.42,832.2 2 1
github.com/xraph/go-utils/metrics/metrics_impl.go:834.44,838.2 2 0
github.com/xraph/go-utils/metrics/metrics_impl.go:840.41,844.2 2 1
github.com/xraph/go-utils/metrics/metrics_impl.go:846.41,850.2 2 1
github.com/xraph/go-utils/metrics/metrics_impl.go:852.66,856.2 2 1
github.com/xraph/go-utils/metrics/metrics_impl.go:858.55,860.2 1 0
github.com/xraph/go-utils/metrics/metrics_impl.go:862.44,864.2 1 1
github.com/xraph/go-utils/metrics/metrics_impl.go:866.47,868.2 1 0
github.com/xraph/go-utils/metrics/metrics_impl.go:870.64,878.2 6 0
github.com/xraph/go-utils/metrics/metrics_impl.go:880.35,885.2 3 0
github.com/xraph/go-utils/metrics/metrics_impl.go:906.47,917.2 1 1
github.com/xraph/go-utils/metrics/metrics_impl.go:921.43,923.2 1 1
github.com/xraph/go-utils/metrics/metrics_impl.go:925.62,929.2 2 1
github.com/xraph/go-utils/metrics/metrics_impl.go:931.61,935.2 2 1
github.com/xraph/go-utils/metrics/metrics_impl.go:937.63,938.24 1 1
github.com/xraph/go-utils/metrics/metrics_impl.go:938.24,940.3 1 0
github.com/xraph/go-utils/metrics/metrics_impl.go:942.2,942.12 1 1
github.com/xraph/go-utils/metrics/metrics_impl.go:947.80,951.50 3 1
github.com/xraph/go-utils/metrics/metrics_impl.go:951.50,953.3 1 1
github.com/xraph/go-utils/metrics/metrics_impl.go:955.2,958.16 3 1
github.com/xraph/go-utils/metrics/metrics_impl.go:961.76,965.46 3 1
github.com/xraph/go-utils/metrics/metrics_impl.go:965.46,967.3 1 0
github.com/xraph/go-utils/metrics/metrics_impl.go:969.2,972.14 3 1
github.com/xraph/go-utils/metrics/metrics_impl.go:975.84,979.54 3 1
github.com/xraph/go-utils/metrics/metrics_impl.go:979.54,981.3 1 0
github.com/xraph/go-utils/metrics/metrics_impl.go:983.2,986.18 3 1
github.com/xraph/go-utils/metrics/metrics_impl.go:989.80,993.51 3 1
github.com/xraph/go-utils/metrics/metrics_impl.go:993.51,995.3 1 0
github.com/xraph/go-utils/metrics/metrics_impl.go:997.2,1000.16 3 1
github.com/xraph/go-utils/metrics/metrics_impl.go:1003.76,1007.46 3 1
github.com/xraph/go-utils/metrics/metrics_impl.go:1007.46,1009.3 1 0
github.com/xraph/go-utils/metrics/metrics_impl.go:1011.2,1014.14 3 1
github.com/xraph/go-utils/metrics/metrics_impl.go:1019.73,1022.2 1 0
github.com/xraph/go-utils/metrics/metrics_impl.go:1024.86,1027.2 1 0
github.com/xraph/go-utils/metrics/metrics_impl.go:1031.80,1036.52 4 0
github.com/xraph/go-utils/metrics/metrics_impl.go:1036.52,1038.3 1 0
github.com/xraph/go-utils/metrics/metrics_impl.go:1040.2,1042.12 2 0
github.com/xraph/go-utils/metrics/metrics_impl.go:1045.68,1049.53 3 0
github.com/xraph/go-utils/metrics/metrics_impl.go:1049.53,1051.3 1 0
github.com/xraph/go-utils/metrics/metrics_impl.go:1053.2,1055.12 2 0
github.com/xraph/go-utils/metrics/metrics_impl.go:1058.64,1063.48 4 0
github.com/xraph/go-utils/metrics/metrics_impl.go:1063.48,1065.3 1 0
github.com/xraph/go-utils/metrics/metrics_impl.go:1067.2,1067.19 1 0
github.com/xraph/go-utils/metrics/metrics_impl.go:1072.58,1078.41 4 1
github.com/xraph/go-utils/metrics/metrics_impl.go:1078.41,1080.3 1 1
github.com/xraph/go-utils/metrics/metrics_impl.go:1082.2,1082.37 1 1
github.com/xraph/go-utils/metrics/metrics_impl.go:1082.37,1084.3 1 1
github.com/xraph/go-utils/metrics/metrics_impl.go:1086.2,1086.45 1 1
github.com/xraph/go-utils/metrics/metrics_impl.go:1086.45,1088.3 1 1
github.com/xraph/go-utils/metrics/metrics_impl.go:1090.2,1090.42 1 1
github.com/xraph/go-utils/metrics/metrics_impl.go:1090.42,1092.3 1 1
github.com/xraph/go-utils/metrics/metrics_impl.go:1094.2,1094.37 1 1
github.com/xraph/go-utils/metrics/metrics_impl.go:1094.37,1096.3 1 1
github.com/xraph/go-utils/metrics/metrics_impl.go:1098.2,1098.16 1 1
github.com/xraph/go-utils/metrics/metrics_impl.go:1101.85,1107.20 4 1
github.com/xraph/go-utils/metrics/metrics_impl.go:1108.25,1109.42 1 1
github.com/xraph/go-utils/metrics/metrics_impl.go:1109.42,1111.4 1 1
github.com/xraph/go-utils/metrics/metrics_impl.go:1112.23,1113.38 1 1
github.com/xraph/go-utils/metrics/metrics_impl.go:1113.38,1115.4 1 1
github.com/xraph/go-utils/metrics/metrics_impl.go:1116.27,1117.46 1 0
github.com/xraph/go-utils/metrics/metrics_impl.go:1117.46,1119.4 1 0
github.com/xraph/go-utils/metrics/metrics_impl.go:1120.25,1121.43 1 0
github.com/xraph/go-utils/metrics/metrics_impl.go:1121.43,1123.4 1 0
github.com/xraph/go-utils/metrics/metrics_impl.go:1124.23,1125.38 1 0
github.com/xraph/go-utils/metrics/metrics_impl.go:1125.38,1127.4 1 0
github.com/xraph/go-utils/metrics/metrics_impl.go:1130.2,1130.16 1 1
github.com/xraph/go-utils/metrics/metrics_impl.go:1133.86,1136.2 1 0
github.com/xraph/go-utils/metrics/metrics_impl.go:1138.52,1165.2 10 1
github.com/xraph/go-utils/metrics/metrics_impl.go:1169.43,1173.38 3 1
github.com/xraph/go-utils/metrics/metrics_impl.go:1173.38,1175.3 1 1
github.com/xraph/go-utils/metrics/metrics_impl.go:1177.2,1177.34 1 1
github.com/xraph/go-utils/metrics/metrics_impl.go:1177.34,1179.3 1 1
github.com/xraph/go-utils/metrics/metrics_impl.go:1181.2,1181.42 1 1
github.com/xraph/go-utils/metrics/metrics_impl.go:1181.42,1183.3 1 0
github.com/xraph/go-utils/metrics/metrics_impl.go:1185.2,1185.39 1 1
github.com/xraph/go-utils/metrics/metrics_impl.go:1185.39,1187.3 1 0
github.com/xraph/go-utils/metrics/metrics_impl.go:1189.2,1189.34 1 1
github.com/xraph/go-utils/metrics/metrics_impl.go:1189.34,1191.3 1 0
github.com/xraph/go-utils/metrics/metrics_impl.go:1193.2,1193.12 1 1
github.com/xraph/go-utils/metrics/metrics_impl.go:1196.60,1200.50 3 1
github.com/xraph/go-utils/metrics/metrics_impl.go:1200.50,1202.3 1 1
github.com/xraph/go-utils/metrics/metrics_impl.go:1204.2,1204.46 1 1
github.com/xraph/go-utils/metrics/metrics_impl.go:1204.46,1206.3 1 0
github.com/xraph/go-utils/metrics/metrics_impl.go:1208.2,1208.54 1 1
github.com/xraph/go-utils/metrics/metrics_impl.go:1208.54,1210.3 1 0
github.com/xraph/go-utils/metrics/metrics_impl.go:1212.2,1212.51 1 1
github.com/xraph/go-utils/metrics/metrics_impl.go:1212.51,1214.3 1 0
github.com/xraph/go-utils/metrics/metrics_impl.go:1216.2,1216.46 1 1
github.com/xraph/go-utils/metrics/metrics_impl.go:1216.46,1218.3 1 0
github.com/xraph/go-utils/metrics/metrics_impl.go:1220.2,1220.26 1 1
github.com/xraph/go-utils/metrics/metrics_impl.go:1223.65,1226.2 1 0
github.com/xraph/go-utils/metrics/metrics_impl.go:1244.38,1246.2 1 0
github.com/xraph/go-utils/metrics/metrics_impl.go:1249.13,1252.2 1 1
github.com/xraph/go-utils/metrics/mocks.go:68.36,72.29 2 1
github.com/xraph/go-utils/metrics/mocks.go:72.29,72.54 1 0
github.com/xraph/go-utils/metrics/mocks.go:73.2,73.48 1 1
github.com/xraph/go-utils/metrics/mocks.go:73.48,73.62 1 1
github.com/xraph/go-utils/metrics/mocks.go:74.2,74.47 1 1
github.com/xraph/go-utils/metrics/mocks.go:74.47,74.61 1 1
github.com/xraph/go-utils/metrics/mocks.go:75.2,75.49 1 1
github.com/xraph/go-utils/metrics/mocks.go:75.49,75.63 1 1
github.com/xraph/go-utils/metrics/mocks.go:77.2,77.66 1 1
github.com/xraph/go-utils/metrics/mocks.go:77.66,79.3 1 1
github.com/xraph/go-utils/metrics/mocks.go:80.2,80.62 1 1
github.com/xraph/go-utils/metrics/mocks.go:80.62,82.3 1 1
github.com/xraph/go-utils/metrics/mocks.go:83.2,83.70 1 1
github.com/xraph/go-utils/metrics/mocks.go:83.70,85.3 1 1
github.com/xraph/go-utils/metrics/mocks.go:86.2,86.66 1 1
github.com/xraph/go-utils/metrics/mocks.go:86.66,88.3 1 0
github.com/xraph/go-utils/metrics/mocks.go:89.2,89.62 1 1
github.com/xraph/go-utils/metrics/mocks.go:89.62,91.3 1 1
github.com/xraph/go-utils/metrics/mocks.go:93.2,93.59 1 1
github.com/xraph/go-utils/metrics/mocks.go:93.59,95.3 1 1
github.com/xraph/go-utils/metrics/mocks.go:96.2,96.72 1 1
github.com/xraph/go-utils/metrics/mocks.go:96.72,98.3 1 0
github.com/xraph/go-utils/metrics/mocks.go:100.2,100.66 1 1
github.com/xraph/go-utils/metrics/mocks.go:100.66,102.3 1 0
github.com/xraph/go-utils/metrics/mocks.go:103.2,103.54 1 1
github.com/xraph/go-utils/metrics/mocks.go:103.54,105.3 1 0
github.com/xraph/go-utils/metrics/mocks.go:106.2,106.50 1 1
github.com/xraph/go-utils/metrics/mocks.go:106.50,108.3 1 0
github.com/xraph/go-utils/metrics/mocks.go:110.2,110.44 1 1
github.com/xraph/go-utils/metrics/mocks.go:110.44,112.3 1 0
github.com/xraph/go-utils/metrics/mocks.go:113.2,113.71 1 1
github.com/xraph/go-utils/metrics/mocks.go:113.71,115.3 1 0
github.com/xraph/go-utils/metrics/mocks.go:116.2,116.72 1 1
github.com/xraph/go-utils/metrics/mocks.go:116.72,118.3 1 0
github.com/xraph/go-utils/metrics/mocks.go:119.2,119.38 1 1
github.com/xraph/go-utils/metrics/mocks.go:119.38,124.3 1 1
github.com/xraph/go-utils/metrics/mocks.go:126.2,126.29 1 1
github.com/xraph/go-utils/metrics/mocks.go:126.29,126.43 1 0
github.com/xraph/go-utils/metrics/mocks.go:127.2,127.46 1 1
github.com/xraph/go-utils/metrics/mocks.go:127.46,127.60 1 0
github.com/xraph/go-utils/metrics/mocks.go:128.2,128.51 1 1
github.com/xraph/go-utils/metrics/mocks.go:128.51,128.65 1 0
github.com/xraph/go-utils/metrics/mocks.go:130.2,130.10 1 1
github.com/xraph/go-utils/metrics/mocks.go:135.37,142.2 4 0
github.com/xraph/go-utils/metrics/mocks.go:144.56,151.2 4 1
github.com/xraph/go-utils/metrics/mocks.go:153.55,160.2 4 1
github.com/xraph/go-utils/metrics/mocks.go:162.57,169.2 4 1
github.com/xraph/go-utils/metrics/mocks.go:173.74,180.2 4 1
github.com/xraph/go-utils/metrics/mocks.go:182.70,189.2 4 1
github.com/xraph/go-utils/metrics/mocks.go:191.78,198.2 4 1
github.com/xraph/go-utils/metrics/mocks.go:200.74,207.2 4 0
github.com/xraph/go-utils/metrics/mocks.go:209.70,216.2 4 1
github.com/xraph/go-utils/metrics/mocks.go:220.67,227.2 4 1
github.com/xraph/go-utils/metrics/mocks.go:229.80,236.2 4 0
github.com/xraph/go-utils/metrics/mocks.go:240.74,245.2 3 0
github.com/xraph/go-utils/metrics/mocks.go:247.62,252.2 3 0
github.com/xraph/go-utils/metrics/mocks.go:254.58,259.2 3 0
github.com/xraph/go-utils/metrics/mocks.go:263.52,268.2 3 0
github.com/xraph/go-utils/metrics/mocks.go:270.79,275.2 3 0
github.com/xraph/go-utils/metrics/mocks.go:277.80,282.2 3 0
github.com/xraph/go-utils/metrics/mocks.go:284.46,289.2 3 1
github.com/xraph/go-utils/metrics/mocks.go:293.37,300.2 4 0
github.com/xraph/go-utils/metrics/mocks.go:302.54,307.2 3 0
github.com/xraph/go-utils/metrics/mocks.go:309.59,316.2 4 0
github.com/xraph/go-utils/metrics/mocks.go:331.36,340.2 1 1
github.com/xraph/go-utils/metrics/mocks.go:342.29,348.2 4 1
github.com/xraph/go-utils/metrics/mocks.go:350.42,356.2 4 1
github.com/xraph/go-utils/metrics/mocks.go:358.73,367.27 6 0
github.com/xraph/go-utils/metrics/mocks.go:367.27,369.3 1 0
github.com/xraph/go-utils/metrics/mocks.go:372.39,377.2 3 1
github.com/xraph/go-utils/metrics/mocks.go:379.45,384.2 3 0
github.com/xraph/go-utils/metrics/mocks.go:386.46,394.2 5 0
github.com/xraph/go-utils/metrics/mocks.go:396.49,401.2 3 0
github.com/xraph/go-utils/metrics/mocks.go:403.68,405.2 1 0
github.com/xraph/go-utils/metrics/mocks.go:407.37,416.2 6 0
github.com/xraph/go-utils/metrics/mocks.go:426.32,434.2 1 1
github.com/xraph/go-utils/metrics/mocks.go:436.40,442.2 4 1
github.com/xraph/go-utils/metrics/mocks.go:444.27,450.2 4 1
github.com/xraph/go-utils/metrics/mocks.go:452.27,458.2 4 1
github.com/xraph/go-utils/metrics/mocks.go:460.40,466.2 4 0
github.com/xraph/go-utils/metrics/mocks.go:468.40,474.2 4 0
github.com/xraph/go-utils/metrics/mocks.go:476.40,483.2 5 0
github.com/xraph/go-utils/metrics/mocks.go:485.37,490.2 3 1
github.com/xraph/go-utils/metrics/mocks.go:492.43,497.2 3 0
github.com/xraph/go-utils/metrics/mocks.go:499.47,504.2 3 0
github.com/xraph/go-utils/metrics/mocks.go:506.64,508.2 1 0
github.com/xraph/go-utils/metrics/mocks.go:510.35,518.2 5 0
github.com/xraph/go-utils/metrics/mocks.go:528.40,537.2 1 1
github.com/xraph/go-utils/metrics/mocks.go:539.48,544.2 3 1
github.com/xraph/go-utils/metrics/mocks.go:546.79,554.27 5 0
github.com/xraph/go-utils/metrics/mocks.go:554.27,556.3 1 0
github.com/xraph/go-utils/metrics/mocks.go:559.40,564.2 3 0
github.com/xraph/go-utils/metrics/mocks.go:566.39,571.29 4 0
github.com/xraph/go-utils/metrics/mocks.go:571.29,573.3 1 0
github.com/xraph/go-utils/metrics/mocks.go:575.2,575.12 1 0
github.com/xraph/go-utils/metrics/mocks.go:578.40,582.24 3 0
github.com/xraph/go-utils/metrics/mocks.go:582.24,584.3 1 0
github.com/xraph/go-utils/metrics/mocks.go:586.2,587.29 2 0
github.com/xraph/go-utils/metrics/mocks.go:587.29,589.3 1 0
github.com/xraph/go-utils/metrics/mocks.go:591.2,591.37 1 0
github.com/xraph/go-utils/metrics/mocks.go:594.42,598.23 3 0
github.com/xraph/go-utils/metrics/mocks.go:598.23,600.3 1 0
github.com/xraph/go-utils/metrics/mocks.go:602.2,605.29 3 0
github.com/xraph/go-utils/metrics/mocks.go:605.29,608.3 2 0
github.com/xraph/go-utils/metrics/mocks.go:610.2,612.17 2 0
github.com/xraph/go-utils/metrics/mocks.go:615.39,619.24 3 0
github.com/xraph/go-utils/metrics/mocks.go:619.24,621.3 1 0
github.com/xraph/go-utils/metrics/mocks.go:623.2,624.29 2 0
github.com/xraph/go-utils/metrics/mocks.go:624.29,625.19 1 0
github.com/xraph/go-utils/metrics/mocks.go:625.19,627.4 1 0
github.com/xraph/go-utils/metrics/mocks.go:630.2,630.17 1 0
github.com/xraph/go-utils/metrics/mocks.go:633.39,637.24 3 0
github.com/xraph/go-utils/metrics/mocks.go:637.24,639.3 1 0
github.com/xraph/go-utils/metrics/mocks.go:641.2,642.29 2 0
github.com/xraph/go-utils/metrics/mocks.go:642.29,643.19 1 0
github.com/xraph/go-utils/metrics/mocks.go:643.19,645.4 1 0
github.com/xraph/go-utils/metrics/mocks.go:648.2,648.17 1 0
github.com/xraph/go-utils/metrics/mocks.go:651.53,655.24 3 0
github.com/xraph/go-utils/metrics/mocks.go:655.24,657.3 1 0
github.com/xraph/go-utils/metrics/mocks.go:660.2,661.26 2 0
github.com/xraph/go-utils/metrics/mocks.go:661.26,663.3 1 0
github.com/xraph/go-utils/metrics/mocks.go:665.2,665.22 1 0
github.com/xraph/go-utils/metrics/mocks.go:668.48,676.2 5 0
github.com/xraph/go-utils/metrics/mocks.go:678.51,683.2 3 0
github.com/xraph/go-utils/metrics/mocks.go:685.72,687.2 1 0
github.com/xraph/go-utils/metrics/mocks.go:689.39,697.2 5 0
github.com/xraph/go-utils/metrics/mocks.go:707.32,716.2 1 1
github.com/xraph/go-utils/metrics/mocks.go:718.52,723.2 3 1
github.com/xraph/go-utils/metrics/mocks.go:725.83,733.27 5 0
github.com/xraph/go-utils/metrics/mocks.go:733.27,735.3 1 0
github.com/xraph/go-utils/metrics/mocks.go:738.35,741.16 2 1
github.com/xraph/go-utils/metrics/mocks.go:741.16,743.3 1 1
github.com/xraph/go-utils/metrics/mocks.go:746.36,751.2 3 1
github.com/xraph/go-utils/metrics/mocks.go:753.41,758.32 4 0
github.com/xraph/go-utils/metrics/mocks.go:758.32,760.3 1 0
github.com/xraph/go-utils/metrics/mocks.go:762.2,762.12 1 0
github.com/xraph/go-utils/metrics/mocks.go:765.42,769.27 3 0
github.com/xraph/go-utils/metrics/mocks.go:769.27,771.3 1 0
github.com/xraph/go-utils/metrics/mocks.go:773.2,774.32 2 0
github.com/xraph/go-utils/metrics/mocks.go:774.32,776.3 1 0
github.com/xraph/go-utils/metrics/mocks.go:778.2,778.46 1 0
github.com/xraph/go-utils/metrics/mocks.go:781.44,785.26 3 0
github.com/xraph/go-utils/metrics/mocks.go:785.26,787.3 1 0
github.com/xraph/go-utils/metrics/mocks.go:789.2,793.32 3 0
github.com/xraph/go-utils/metrics/mocks.go:793.32,796.3 2 0
github.com/xraph/go-utils/metrics/mocks.go:798.2,800.32 2 0
github.com/xraph/go-utils/metrics/mocks.go:803.66,807.27 3 0
github.com/xraph/go-utils/metrics/mocks.go:807.27,809.3 1 0
github.com/xraph/go-utils/metrics/mocks.go:812.2,813.29 2 0
github.com/xraph/go-utils/metrics/mocks.go:813.29,815.3 1 0
github.com/xraph/go-utils/metrics/mocks.go:817.2,817.25 1 0
github.com/xraph/go-utils/metrics/mocks.go:820.55,822.2 1 0
github.com/xraph/go-utils/metrics/mocks.go:824.41,828.27 3 0
github.com/xraph/go-utils/metrics/mocks.go:828.27,830.3 1 0
github.com/xraph/go-utils/metrics/mocks.go:832.2,833.32 2 0
github.com/xraph/go-utils/metrics/mocks.go:833.32,834.22 1 0
github.com/xraph/go-utils/metrics/mocks.go:834.22,836.4 1 0
github.com/xraph/go-utils/metrics/mocks.go:839.2,839.20 1 0
github.com/xraph/go-utils/metrics/mocks.go:842.41,846.27 3 0
github.com/xraph/go-utils/metrics/mocks.go:846.27,848.3 1 0
github.com/xraph/go-utils/metrics/mocks.go:850.2,851.32 2 0
github.com/xraph/go-utils/metrics/mocks.go:851.32,852.22 1 0
github.com/xraph/go-utils/metrics/mocks.go:852.22,854.4 1 0
github.com/xraph/go-utils/metrics/mocks.go:857.2,857.20 1 0
github.com/xraph/go-utils/metrics/mocks.go:860.44,868.2 5 0
github.com/xraph/go-utils/metrics/mocks.go:870.47,875.2 3 0
github.com/xraph/go-utils/metrics/mocks.go:877.64,879.2 1 0
github.com/xraph/go-utils/metrics/mocks.go:881.35,889.2 5 0
github.com/xraph/go-utils/metrics/mocks.go:898.36,906.2 1 0
github.com/xraph/go-utils/metrics/mocks.go:908.46,913.2 3 0
github.com/xraph/go-utils/metrics/mocks.go:915.38,920.2 3 0
github.com/xraph/go-utils/metrics/mocks.go:922.37,927.29 4 0
github.com/xraph/go-utils/metrics/mocks.go:927.29,929.3 1 0
github.com/xraph/go-utils/metrics/mocks.go:931.2,931.12 1 0
github.com/xraph/go-utils/metrics/mocks.go:934.38,938.24 3 0
github.com/xraph/go-utils/metrics/mocks.go:938.24,940.3 1 0
github.com/xraph/go-utils/metrics/mocks.go:942.2,943.29 2 0
github.com/xraph/go-utils/metrics/mocks.go:943.29,945.3 1 0
github.com/xraph/go-utils/metrics/mocks.go:947.2,947.37 1 0
github.com/xraph/go-utils/metrics/mocks.go:950.51,954.24 3 0
github.com/xraph/go-utils/metrics/mocks.go:954.24,956.3 1 0
github.com/xraph/go-utils/metrics/mocks.go:959.2,960.26 2 0
github.com/xraph/go-utils/metrics/mocks.go:960.26,962.3 1 0
github.com/xraph/go-utils/metrics/mocks.go:964.2,964.22 1 0
github.com/xraph/go-utils/metrics/mocks.go:967.37,971.24 3 0
github.com/xraph/go-utils/metrics/mocks.go:971.24,973.3 1 0
github.com/xraph/go-utils/metrics/mocks.go:975.2,976.29 2 0
github.com/xraph/go-utils/metrics/mocks.go:976.29,977.19 1 0
github.com/xraph/go-utils/metrics/mocks.go:977.19,979.4 1 0
github.com/xraph/go-utils/metrics/mocks.go:982.2,982.17 1 0
github.com/xraph/go-utils/metrics/mocks.go:985.37,989.24 3 0
github.com/xraph/go-utils/metrics/mocks.go:989.24,991.3 1 0
github.com/xraph/go-utils/metrics/mocks.go:993.2,994.29 2 0
github.com/xraph/go-utils/metrics/mocks.go:994.29,995.14 1 0
github.com/xraph/go-utils/metrics/mocks.go:995.14,997.4 1 0
github.com/xraph/go-utils/metrics/mocks.go:1000.2,1000.12 1 0
github.com/xraph/go-utils/metrics/mocks.go:1003.40,1007.23 3 0
github.com/xraph/go-utils/metrics/mocks.go:1007.23,1009.3 1 0
github.com/xraph/go-utils/metrics/mocks.go:1011.2,1014.29 3 0
github.com/xraph/go-utils/metrics/mocks.go:1014.29,1017.3 2 0
github.com/xraph/go-utils/metrics/mocks.go:1019.2,1021.17 2 0
github.com/xraph/go-utils/metrics/mocks.go:1024.49,1029.2 3 0
github.com/xraph/go-utils/metrics/mocks.go:1031.68,1033.2 1 0
github.com/xraph/go-utils/metrics/mocks.go:1035.37,1042.2 4 0
github.com/xraph/go-utils/metrics/mocks.go:1117.48,1128.29 2 1
github.com/xraph/go-utils/metrics/mocks.go:1128.29,1128.61 1 0
github.com/xraph/go-utils/metrics/mocks.go:1129.2,1129.48 1 1
github.com/xraph/go-utils/metrics/mocks.go:1129.48,1129.62 1 0
github.com/xraph/go-utils/metrics/mocks.go:1130.2,1130.47 1 1
github.com/xraph/go-utils/metrics/mocks.go:1130.47,1130.61 1 0
github.com/xraph/go-utils/metrics/mocks.go:1131.2,1131.49 1 1
github.com/xraph/go-utils/metrics/mocks.go:1131.49,1131.63 1 0
github.com/xraph/go-utils/metrics/mocks.go:1133.2,1133.56 1 1
github.com/xraph/go-utils/metrics/mocks.go:1133.56,1143.3 8 1
github.com/xraph/go-utils/metrics/mocks.go:1145.2,1145.72 1 1
github.com/xraph/go-utils/metrics/mocks.go:1145.72,1147.3 1 1
github.com/xraph/go-utils/metrics/mocks.go:1149.2,1149.37 1 1
github.com/xraph/go-utils/metrics/mocks.go:1149.37,1151.3 1 1
github.com/xraph/go-utils/metrics/mocks.go:1153.2,1153.49 1 1
github.com/xraph/go-utils/metrics/mocks.go:1153.49,1157.3 2 1
github.com/xraph/go-utils/metrics/mocks.go:1159.2,1159.66 1 1
github.com/xraph/go-utils/metrics/mocks.go:1159.66,1161.3 1 0
github.com/xraph/go-utils/metrics/mocks.go:1163.2,1163.45 1 1
github.com/xraph/go-utils/metrics/mocks.go:1163.45,1167.3 2 1
github.com/xraph/go-utils/metrics/mocks.go:1169.2,1169.51 1 1
github.com/xraph/go-utils/metrics/mocks.go:1169.51,1171.3 1 1
github.com/xraph/go-utils/metrics/mocks.go:1173.2,1173.42 1 1
github.com/xraph/go-utils/metrics/mocks.go:1173.42,1175.3 1 0
github.com/xraph/go-utils/metrics/mocks.go:1177.2,1177.43 1 1
github.com/xraph/go-utils/metrics/mocks.go:1177.43,1184.3 1 1
github.com/xraph/go-utils/metrics/mocks.go:1186.2,1186.43 1 1
github.com/xraph/go-utils/metrics/mocks.go:1186.43,1188.3 1 1
github.com/xraph/go-utils/metrics/mocks.go:1190.2,1190.42 1 1
github.com/xraph/go-utils/metrics/mocks.go:1190.42,1192.3 1 1
github.com/xraph/go-utils/metrics/mocks.go:1194.2,1194.44 1 1
github.com/xraph/go-utils/metrics/mocks.go:1194.44,1196.3 1 1
github.com/xraph/go-utils/metrics/mocks.go:1198.2,1198.36 1 1
github.com/xraph/go-utils/metrics/mocks.go:1198.36,1200.3 1 1
github.com/xraph/go-utils/metrics/mocks.go:1202.2,1202.33 1 1
github.com/xraph/go-utils/metrics/mocks.go:1202.33,1204.3 1 0
github.com/xraph/go-utils/metrics/mocks.go:1206.2,1206.32 1 1
github.com/xraph/go-utils/metrics/mocks.go:1206.32,1208.3 1 1
github.com/xraph/go-utils/metrics/mocks.go:1210.2,1210.37 1 1
github.com/xraph/go-utils/metrics/mocks.go:1210.37,1212.3 1 0
github.com/xraph/go-utils/metrics/mocks.go:1214.2,1214.56 1 1
github.com/xraph/go-utils/metrics/mocks.go:1214.56,1216.3 1 1
github.com/xraph/go-utils/metrics/mocks.go:1218.2,1218.50 1 1
github.com/xraph/go-utils/metrics/mocks.go:1218.50,1220.3 1 0
github.com/xraph/go-utils/metrics/mocks.go:1222.2,1222.10 1 1
github.com/xraph/go-utils/metrics/mocks.go:1227.43,1234.2 4 0
github.com/xraph/go-utils/metrics/mocks.go:1236.62,1243.2 4 1
github.com/xraph/go-utils/metrics/mocks.go:1245.61,1252.2 4 0
github.com/xraph/go-utils/metrics/mocks.go:1254.63,1261.2 4 0
github.com/xraph/go-utils/metrics/mocks.go:1265.70,1272.2 4 1
github.com/xraph/go-utils/metrics/mocks.go:1274.86,1281.2 4 1
github.com/xraph/go-utils/metrics/mocks.go:1283.51,1290.2 4 1
github.com/xraph/go-utils/metrics/mocks.go:1294.63,1301.2 4 1
github.com/xraph/go-utils/metrics/mocks.go:1303.80,1310.2 4 0
github.com/xraph/go-utils/metrics/mocks.go:1312.59,1319.2 4 1
github.com/xraph/go-utils/metrics/mocks.go:1321.65,1326.2 3 1
github.com/xraph/go-utils/metrics/mocks.go:1330.56,1335.2 3 0
github.com/xraph/go-utils/metrics/mocks.go:1337.57,1342.2 3 1
github.com/xraph/go-utils/metrics/mocks.go:1346.57,1352.2 4 1
github.com/xraph/go-utils/metrics/mocks.go:1354.56,1360.2 4 1
github.com/xraph/go-utils/metrics/mocks.go:1362.58,1368.2 4 1
github.com/xraph/go-utils/metrics/mocks.go:1370.50,1375.2 3 1
github.com/xraph/go-utils/metrics/mocks.go:1377.47,1382.2 3 0
github.com/xraph/go-utils/metrics/mocks.go:1384.46,1389.2 3 1
github.com/xraph/go-utils/metrics/mocks.go:1391.51,1396.2 3 0
github.com/xraph/go-utils/metrics/mocks.go:1400.70,1407.2 4 1
github.com/xraph/go-utils/metrics/mocks.go:1411.64,1418.2 4 0
github.com/xraph/go-utils/metrics/mocks.go:1434.55,1440.54 1 1
github.com/xraph/go-utils/metrics/mocks.go:1440.54,1442.4 1 0
github.com/xraph/go-utils/metrics/mocks.go:1446.41,1448.2 1 1
github.com/xraph/go-utils/metrics/mocks.go:1450.68,1452.2 1 0
github.com/xraph/go-utils/metrics/mocks.go:1454.51,1456.2 1 0
github.com/xraph/go-utils/metrics/mocks.go:1458.43,1460.2 1 0
github.com/xraph/go-utils/metrics/mocks.go:1462.51,1464.2 1 0
github.com/xraph/go-utils/metrics/mocks.go:1467.79,1471.2 2 0
github.com/xraph/go-utils/metrics/mocks.go:1474.72,1478.2 2 1
github.com/xraph/go-utils/metrics/mocks.go:1481.77,1485.2 2 0
